> Task :app:checkKotlinGradlePluginConfigurationErrors SKIPPED
> Task :app:preBuild UP-TO-DATE
> Task :app:preDebugBuild UP-TO-DATE
> Task :app:checkDebugAarMetadata UP-TO-DATE
> Task :app:processDebugNavigationResources UP-TO-DATE
> Task :app:compileDebugNavigationResources UP-TO-DATE
> Task :app:generateDebugResValues UP-TO-DATE
> Task :app:mapDebugSourceSetPaths UP-TO-DATE
> Task :app:generateDebugResources UP-TO-DATE
> Task :app:mergeDebugResources UP-TO-DATE
> Task :app:packageDebugResources UP-TO-DATE
> Task :app:parseDebugLocalResources UP-TO-DATE
> Task :app:createDebugCompatibleScreenManifests UP-TO-DATE
> Task :app:extractDeepLinksDebug UP-TO-DATE
> Task :app:processDebugMainManifest UP-TO-DATE
> Task :app:processDebugManifest UP-TO-DATE
> Task :app:processDebugManifestForPackage UP-TO-DATE
> Task :app:processDebugResources UP-TO-DATE

> Task :app:compileDebugKotlin FAILED
.\gradlew : e: file:///D:/jetpack_projects/insta_co
ntent/app/src/main/java/com/brijesh/instacontentree
lsposts/dynamicisland/DynamicIslandScreen.kt:33:34 
Unresolved reference 'Timer'.
At line:1 char:1
+ .\gradlew compileDebugKotlin 2>&1 | Out-File 
-Encoding utf8 error.log
+ ~~~~~~~~~~~~~~~~~~~~~~~~~~~~~~~~~
    + CategoryInfo          : NotSpecified: (e: fi 
   le:///D:/j...erence 'Timer'.:String) [], Remot  
  eException
    + FullyQualifiedErrorId : NativeCommandError
 
e: file:///D:/jetpack_projects/insta_content/app/sr
c/main/java/com/brijesh/instacontentreelsposts/dyna
micisland/DynamicIslandScreen.kt:286:49 Unresolved 
reference 'Timer'.
e: file:///D:/jetpack_projects/insta_content/app/sr
c/main/java/com/brijesh/instacontentreelsposts/dyna
micisland/DynamicIslandScreen.kt:453:40 Unresolved 
reference 'Mic'.

FAILURE: Build failed with an exception.

* What went wrong:
Execution failed for task 
':app:compileDebugKotlin'.
> A failure occurred while executing org.jetbrains.
kotlin.compilerRunner.GradleCompilerRunnerWithWorke
rs$GradleKotlinCompilerWorkAction
   > Compilation error. See log for more details

* Try:
> Run with --stacktrace option to get the stack 
trace.
> Run with --info or --debug option to get more 
log output.
> Run with --scan to get full insights.
> Get more help at https://help.gradle.org.

BUILD FAILED in 3s
16 actionable tasks: 1 executed, 15 up-to-date
